# JRE version: Java(TM) SE Runtime Environment (8.0_192-b12) (build 1.8.0_192-b12)
# Java VM: Java HotSpot(TM) 64-Bit Server VM (25.192-b12 mixed mode windows-amd64 compressed oops)
Heap:
 PSYoungGen      total 549888K, used 29830K [0x00000000d6200000, 0x00000000f9a80000, 0x0000000100000000)
  eden space 517632K, 5% used [0x00000000d6200000,0x00000000d7f21b88,0x00000000f5b80000)
  from space 32256K, 0% used [0x00000000f5b80000,0x00000000f5b80000,0x00000000f7b00000)
  to   space 26112K, 0% used [0x00000000f8100000,0x00000000f8100000,0x00000000f9a80000)
 ParOldGen       total 119296K, used 67676K [0x0000000082600000, 0x0000000089a80000, 0x00000000d6200000)
  object space 119296K, 56% used [0x0000000082600000,0x0000000086817280,0x0000000089a80000)
 Metaspace       used 56922K, capacity 59154K, committed 59416K, reserved 1101824K
  class space    used 6915K, capacity 7649K, committed 7728K, reserved 1048576K
GC Heap History (10 events):
Event: 217.925 GC heap before
{Heap before GC invocations=18 (full 2):
 PSYoungGen      total 427520K, used 427506K [0x00000000d6200000, 0x00000000f6a00000, 0x0000000100000000)
  eden space 407552K, 100% used [0x00000000d6200000,0x00000000ef000000,0x00000000ef000000)
  from space 19968K, 99% used [0x00000000ef000000,0x00000000f037c970,0x00000000f0380000)
  to   space 23552K, 0% used [0x00000000f5300000,0x00000000f5300000,0x00000000f6a00000)
 ParOldGen       total 119296K, used 46528K [0x0000000082600000, 0x0000000089a80000, 0x00000000d6200000)
  object space 119296K, 39% used [0x0000000082600000,0x00000000853700b8,0x0000000089a80000)
 Metaspace       used 50463K, capacity 52390K, committed 52520K, reserved 1095680K
  class space    used 6054K, capacity 6691K, committed 6704K, reserved 1048576K
Event: 217.958 GC heap after
Heap after GC invocations=18 (full 2):
 PSYoungGen      total 502272K, used 23531K [0x00000000d6200000, 0x00000000f6f80000, 0x0000000100000000)
  eden space 478720K, 0% used [0x00000000d6200000,0x00000000d6200000,0x00000000f3580000)
  from space 23552K, 99% used [0x00000000f5300000,0x00000000f69fae60,0x00000000f6a00000)
  to   space 29696K, 0% used [0x00000000f3580000,0x00000000f3580000,0x00000000f5280000)
 ParOldGen       total 119296K, used 55072K [0x0000000082600000, 0x0000000089a80000, 0x00000000d6200000)
  object space 119296K, 46% used [0x0000000082600000,0x0000000085bc82c8,0x0000000089a80000)
 Metaspace       used 50463K, capacity 52390K, committed 52520K, reserved 1095680K
  class space    used 6054K, capacity 6691K, committed 6704K, reserved 1048576K
}
Event: 249.582 GC heap before
{Heap before GC invocations=19 (full 2):
 PSYoungGen      total 502272K, used 502251K [0x00000000d6200000, 0x00000000f6f80000, 0x0000000100000000)
  eden space 478720K, 100% used [0x00000000d6200000,0x00000000f3580000,0x00000000f3580000)
  from space 23552K, 99% used [0x00000000f5300000,0x00000000f69fae60,0x00000000f6a00000)
  to   space 29696K, 0% used [0x00000000f3580000,0x00000000f3580000,0x00000000f5280000)
 ParOldGen       total 119296K, used 55072K [0x0000000082600000, 0x0000000089a80000, 0x00000000d6200000)
  object space 119296K, 46% used [0x0000000082600000,0x0000000085bc82c8,0x0000000089a80000)
 Metaspace       used 52098K, capacity 54138K, committed 54312K, reserved 1097728K
  class space    used 6274K, capacity 6933K, committed 6960K, reserved 1048576K
Event: 249.606 GC heap after
Heap after GC invocations=19 (full 2):
 PSYoungGen      total 508416K, used 20486K [0x00000000d6200000, 0x00000000f9e80000, 0x0000000100000000)
  eden space 478720K, 0% used [0x00000000d6200000,0x00000000d6200000,0x00000000f3580000)
  from space 29696K, 68% used [0x00000000f3580000,0x00000000f4981a68,0x00000000f5280000)
  to   space 30208K, 0% used [0x00000000f8100000,0x00000000f8100000,0x00000000f9e80000)
 ParOldGen       total 119296K, used 56870K [0x0000000082600000, 0x0000000089a80000, 0x00000000d6200000)
  object space 119296K, 47% used [0x0000000082600000,0x0000000085d89960,0x0000000089a80000)
 Metaspace       used 52098K, capacity 54138K, committed 54312K, reserved 1097728K
  class space    used 6274K, capacity 6933K, committed 6960K, reserved 1048576K
}
Event: 278.617 GC heap before
{Heap before GC invocations=20 (full 2):
 PSYoungGen      total 508416K, used 499206K [0x00000000d6200000, 0x00000000f9e80000, 0x0000000100000000)
  eden space 478720K, 100% used [0x00000000d6200000,0x00000000f3580000,0x00000000f3580000)
  from space 29696K, 68% used [0x00000000f3580000,0x00000000f4981a68,0x00000000f5280000)
  to   space 30208K, 0% used [0x00000000f8100000,0x00000000f8100000,0x00000000f9e80000)
 ParOldGen       total 119296K, used 56870K [0x0000000082600000, 0x0000000089a80000, 0x00000000d6200000)
  object space 119296K, 47% used [0x0000000082600000,0x0000000085d89960,0x0000000089a80000)
 Metaspace       used 53840K, capacity 55924K, committed 56104K, reserved 1097728K
  class space    used 6509K, capacity 7208K, committed 7216K, reserved 1048576K
Event: 278.635 GC heap after
Heap after GC invocations=20 (full 2):
 PSYoungGen      total 543744K, used 24030K [0x00000000d6200000, 0x00000000f9a80000, 0x0000000100000000)
  eden space 517632K, 0% used [0x00000000d6200000,0x00000000d6200000,0x00000000f5b80000)
  from space 26112K, 92% used [0x00000000f8100000,0x00000000f98778f8,0x00000000f9a80000)
  to   space 32256K, 0% used [0x00000000f5b80000,0x00000000f5b80000,0x00000000f7b00000)
 ParOldGen       total 119296K, used 56878K [0x0000000082600000, 0x0000000089a80000, 0x00000000d6200000)
  object space 119296K, 47% used [0x0000000082600000,0x0000000085d8b960,0x0000000089a80000)
 Metaspace       used 53840K, capacity 55924K, committed 56104K, reserved 1097728K
  class space    used 6509K, capacity 7208K, committed 7216K, reserved 1048576K
}
Event: 300.811 GC heap before
{Heap before GC invocations=21 (full 2):
 PSYoungGen      total 543744K, used 392195K [0x00000000d6200000, 0x00000000f9a80000, 0x0000000100000000)
  eden space 517632K, 71% used [0x00000000d6200000,0x00000000ec9895b0,0x00000000f5b80000)
  from space 26112K, 92% used [0x00000000f8100000,0x00000000f98778f8,0x00000000f9a80000)
  to   space 32256K, 0% used [0x00000000f5b80000,0x00000000f5b80000,0x00000000f7b00000)
 ParOldGen       total 119296K, used 56878K [0x0000000082600000, 0x0000000089a80000, 0x00000000d6200000)
  object space 119296K, 47% used [0x0000000082600000,0x0000000085d8b960,0x0000000089a80000)
 Metaspace       used 56789K, capacity 59016K, committed 59160K, reserved 1101824K
  class space    used 6886K, capacity 7648K, committed 7728K, reserved 1048576K
Event: 300.834 GC heap after
Heap after GC invocations=21 (full 2):
 PSYoungGen      total 549888K, used 27550K [0x00000000d6200000, 0x00000000f9a80000, 0x0000000100000000)
  eden space 517632K, 0% used [0x00000000d6200000,0x00000000d6200000,0x00000000f5b80000)
  from space 32256K, 85% used [0x00000000f5b80000,0x00000000f76679d8,0x00000000f7b00000)
  to   space 26112K, 0% used [0x00000000f8100000,0x00000000f8100000,0x00000000f9a80000)
 ParOldGen       total 119296K, used 56886K [0x0000000082600000, 0x0000000089a80000, 0x00000000d6200000)
  object space 119296K, 47% used [0x0000000082600000,0x0000000085d8d960,0x0000000089a80000)
 Metaspace       used 56789K, capacity 59016K, committed 59160K, reserved 1101824K
  class space    used 6886K, capacity 7648K, committed 7728K, reserved 1048576K
}
Event: 300.835 GC heap before
{Heap before GC invocations=22 (full 3):
 PSYoungGen      total 549888K, used 27550K [0x00000000d6200000, 0x00000000f9a80000, 0x0000000100000000)
  eden space 517632K, 0% used [0x00000000d6200000,0x00000000d6200000,0x00000000f5b80000)
  from space 32256K, 85% used [0x00000000f5b80000,0x00000000f76679d8,0x00000000f7b00000)
  to   space 26112K, 0% used [0x00000000f8100000,0x00000000f8100000,0x00000000f9a80000)
 ParOldGen       total 119296K, used 56886K [0x0000000082600000, 0x0000000089a80000, 0x00000000d6200000)
  object space 119296K, 47% used [0x0000000082600000,0x0000000085d8d960,0x0000000089a80000)
 Metaspace       used 56789K, capacity 59016K, committed 59160K, reserved 1101824K
  class space    used 6886K, capacity 7648K, committed 7728K, reserved 1048576K
Event: 301.190 GC heap after
Heap after GC invocations=22 (full 3):
 PSYoungGen      total 549888K, used 0K [0x00000000d6200000, 0x00000000f9a80000, 0x0000000100000000)
  eden space 517632K, 0% used [0x00000000d6200000,0x00000000d6200000,0x00000000f5b80000)
  from space 32256K, 0% used [0x00000000f5b80000,0x00000000f5b80000,0x00000000f7b00000)
  to   space 26112K, 0% used [0x00000000f8100000,0x00000000f8100000,0x00000000f9a80000)
 ParOldGen       total 119296K, used 67676K [0x0000000082600000, 0x0000000089a80000, 0x00000000d6200000)
  object space 119296K, 56% used [0x0000000082600000,0x0000000086817280,0x0000000089a80000)
 Metaspace       used 56789K, capacity 59016K, committed 59160K, reserved 1101824K
  class space    used 6886K, capacity 7648K, committed 7728K, reserved 1048576K
}

