# JRE version: Java(TM) SE Runtime Environment (8.0_192-b12) (build 1.8.0_192-b12)
# Java VM: Java HotSpot(TM) 64-Bit Server VM (25.192-b12 mixed mode windows-amd64 compressed oops)
Heap:
 PSYoungGen      total 178688K, used 100900K [0x00000000d6200000, 0x00000000e8100000, 0x0000000100000000)
  eden space 162816K, 52% used [0x00000000d6200000,0x00000000db50eb18,0x00000000e0100000)
  from space 15872K, 99% used [0x00000000e7180000,0x00000000e80fa630,0x00000000e8100000)
  to   space 18432K, 0% used [0x00000000e5d00000,0x00000000e5d00000,0x00000000e6f00000)
 ParOldGen       total 88064K, used 21107K [0x0000000082600000, 0x0000000087c00000, 0x00000000d6200000)
  object space 88064K, 23% used [0x0000000082600000,0x0000000083a9cee8,0x0000000087c00000)
 Metaspace       used 28560K, capacity 29410K, committed 29696K, reserved 1075200K
  class space    used 3253K, capacity 3504K, committed 3584K, reserved 1048576K
GC Heap History (10 events):
Event: 1.878 GC heap before
{Heap before GC invocations=3 (full 0):
 PSYoungGen      total 70656K, used 70647K [0x00000000d6200000, 0x00000000dac00000, 0x0000000100000000)
  eden space 65536K, 100% used [0x00000000d6200000,0x00000000da200000,0x00000000da200000)
  from space 5120K, 99% used [0x00000000da700000,0x00000000dabfddb8,0x00000000dac00000)
  to   space 5120K, 0% used [0x00000000da200000,0x00000000da200000,0x00000000da700000)
 ParOldGen       total 86016K, used 1269K [0x0000000082600000, 0x0000000087a00000, 0x00000000d6200000)
  object space 86016K, 1% used [0x0000000082600000,0x000000008273d5e8,0x0000000087a00000)
 Metaspace       used 15650K, capacity 15962K, committed 16128K, reserved 1062912K
  class space    used 1884K, capacity 1977K, committed 2048K, reserved 1048576K
Event: 1.903 GC heap after
Heap after GC invocations=3 (full 0):
 PSYoungGen      total 70656K, used 5096K [0x00000000d6200000, 0x00000000dec00000, 0x0000000100000000)
  eden space 65536K, 0% used [0x00000000d6200000,0x00000000d6200000,0x00000000da200000)
  from space 5120K, 99% used [0x00000000da200000,0x00000000da6fa040,0x00000000da700000)
  to   space 5120K, 0% used [0x00000000de700000,0x00000000de700000,0x00000000dec00000)
 ParOldGen       total 86016K, used 10427K [0x0000000082600000, 0x0000000087a00000, 0x00000000d6200000)
  object space 86016K, 12% used [0x0000000082600000,0x000000008302ef00,0x0000000087a00000)
 Metaspace       used 15650K, capacity 15962K, committed 16128K, reserved 1062912K
  class space    used 1884K, capacity 1977K, committed 2048K, reserved 1048576K
}
Event: 2.576 GC heap before
{Heap before GC invocations=4 (full 0):
 PSYoungGen      total 70656K, used 70632K [0x00000000d6200000, 0x00000000dec00000, 0x0000000100000000)
  eden space 65536K, 100% used [0x00000000d6200000,0x00000000da200000,0x00000000da200000)
  from space 5120K, 99% used [0x00000000da200000,0x00000000da6fa040,0x00000000da700000)
  to   space 5120K, 0% used [0x00000000de700000,0x00000000de700000,0x00000000dec00000)
 ParOldGen       total 86016K, used 10427K [0x0000000082600000, 0x0000000087a00000, 0x00000000d6200000)
  object space 86016K, 12% used [0x0000000082600000,0x000000008302ef00,0x0000000087a00000)
 Metaspace       used 16824K, capacity 17124K, committed 17280K, reserved 1064960K
  class space    used 2005K, capacity 2084K, committed 2176K, reserved 1048576K
Event: 2.596 GC heap after
Heap after GC invocations=4 (full 0):
 PSYoungGen      total 136192K, used 5112K [0x00000000d6200000, 0x00000000dec00000, 0x0000000100000000)
  eden space 131072K, 0% used [0x00000000d6200000,0x00000000d6200000,0x00000000de200000)
  from space 5120K, 99% used [0x00000000de700000,0x00000000debfe030,0x00000000dec00000)
  to   space 5120K, 0% used [0x00000000de200000,0x00000000de200000,0x00000000de700000)
 ParOldGen       total 86016K, used 17709K [0x0000000082600000, 0x0000000087a00000, 0x00000000d6200000)
  object space 86016K, 20% used [0x0000000082600000,0x000000008374b748,0x0000000087a00000)
 Metaspace       used 16824K, capacity 17124K, committed 17280K, reserved 1064960K
  class space    used 2005K, capacity 2084K, committed 2176K, reserved 1048576K
}
Event: 3.437 GC heap before
{Heap before GC invocations=5 (full 0):
 PSYoungGen      total 136192K, used 78551K [0x00000000d6200000, 0x00000000dec00000, 0x0000000100000000)
  eden space 131072K, 56% used [0x00000000d6200000,0x00000000da9b7cc8,0x00000000de200000)
  from space 5120K, 99% used [0x00000000de700000,0x00000000debfe030,0x00000000dec00000)
  to   space 5120K, 0% used [0x00000000de200000,0x00000000de200000,0x00000000de700000)
 ParOldGen       total 86016K, used 17709K [0x0000000082600000, 0x0000000087a00000, 0x00000000d6200000)
  object space 86016K, 20% used [0x0000000082600000,0x000000008374b748,0x0000000087a00000)
 Metaspace       used 20523K, capacity 21086K, committed 21296K, reserved 1069056K
  class space    used 2455K, capacity 2593K, committed 2688K, reserved 1048576K
Event: 3.464 GC heap after
Heap after GC invocations=5 (full 0):
 PSYoungGen      total 136192K, used 5096K [0x00000000d6200000, 0x00000000e8100000, 0x0000000100000000)
  eden space 131072K, 0% used [0x00000000d6200000,0x00000000d6200000,0x00000000de200000)
  from space 5120K, 99% used [0x00000000de200000,0x00000000de6fa020,0x00000000de700000)
  to   space 15872K, 0% used [0x00000000e7180000,0x00000000e7180000,0x00000000e8100000)
 ParOldGen       total 86016K, used 22712K [0x0000000082600000, 0x0000000087a00000, 0x00000000d6200000)
  object space 86016K, 26% used [0x0000000082600000,0x0000000083c2e388,0x0000000087a00000)
 Metaspace       used 20523K, capacity 21086K, committed 21296K, reserved 1069056K
  class space    used 2455K, capacity 2593K, committed 2688K, reserved 1048576K
}
Event: 3.464 GC heap before
{Heap before GC invocations=6 (full 1):
 PSYoungGen      total 136192K, used 5096K [0x00000000d6200000, 0x00000000e8100000, 0x0000000100000000)
  eden space 131072K, 0% used [0x00000000d6200000,0x00000000d6200000,0x00000000de200000)
  from space 5120K, 99% used [0x00000000de200000,0x00000000de6fa020,0x00000000de700000)
  to   space 15872K, 0% used [0x00000000e7180000,0x00000000e7180000,0x00000000e8100000)
 ParOldGen       total 86016K, used 22712K [0x0000000082600000, 0x0000000087a00000, 0x00000000d6200000)
  object space 86016K, 26% used [0x0000000082600000,0x0000000083c2e388,0x0000000087a00000)
 Metaspace       used 20523K, capacity 21086K, committed 21296K, reserved 1069056K
  class space    used 2455K, capacity 2593K, committed 2688K, reserved 1048576K
Event: 3.705 GC heap after
Heap after GC invocations=6 (full 1):
 PSYoungGen      total 136192K, used 0K [0x00000000d6200000, 0x00000000e8100000, 0x0000000100000000)
  eden space 131072K, 0% used [0x00000000d6200000,0x00000000d6200000,0x00000000de200000)
  from space 5120K, 0% used [0x00000000de200000,0x00000000de200000,0x00000000de700000)
  to   space 15872K, 0% used [0x00000000e7180000,0x00000000e7180000,0x00000000e8100000)
 ParOldGen       total 88064K, used 20943K [0x0000000082600000, 0x0000000087c00000, 0x00000000d6200000)
  object space 88064K, 23% used [0x0000000082600000,0x0000000083a73c50,0x0000000087c00000)
 Metaspace       used 20523K, capacity 21086K, committed 21296K, reserved 1069056K
  class space    used 2455K, capacity 2593K, committed 2688K, reserved 1048576K
}
Event: 6.099 GC heap before
{Heap before GC invocations=7 (full 1):
 PSYoungGen      total 136192K, used 131072K [0x00000000d6200000, 0x00000000e8100000, 0x0000000100000000)
  eden space 131072K, 100% used [0x00000000d6200000,0x00000000de200000,0x00000000de200000)
  from space 5120K, 0% used [0x00000000de200000,0x00000000de200000,0x00000000de700000)
  to   space 15872K, 0% used [0x00000000e7180000,0x00000000e7180000,0x00000000e8100000)
 ParOldGen       total 88064K, used 20943K [0x0000000082600000, 0x0000000087c00000, 0x00000000d6200000)
  object space 88064K, 23% used [0x0000000082600000,0x0000000083a73c50,0x0000000087c00000)
 Metaspace       used 25763K, capacity 26570K, committed 26880K, reserved 1073152K
  class space    used 2998K, capacity 3201K, committed 3328K, reserved 1048576K
Event: 6.128 GC heap after
Heap after GC invocations=7 (full 1):
 PSYoungGen      total 178688K, used 15849K [0x00000000d6200000, 0x00000000e8100000, 0x0000000100000000)
  eden space 162816K, 0% used [0x00000000d6200000,0x00000000d6200000,0x00000000e0100000)
  from space 15872K, 99% used [0x00000000e7180000,0x00000000e80fa630,0x00000000e8100000)
  to   space 18432K, 0% used [0x00000000e5d00000,0x00000000e5d00000,0x00000000e6f00000)
 ParOldGen       total 88064K, used 21107K [0x0000000082600000, 0x0000000087c00000, 0x00000000d6200000)
  object space 88064K, 23% used [0x0000000082600000,0x0000000083a9cee8,0x0000000087c00000)
 Metaspace       used 25763K, capacity 26570K, committed 26880K, reserved 1073152K
  class space    used 2998K, capacity 3201K, committed 3328K, reserved 1048576K
}

